<?xml version="1.0" encoding="UTF-8"?>
<!-- Generated by org.testng.reporters.JUnitXMLReporter -->
<testsuite ignored="19" hostname="LAPTOP-MVJK2OM8" failures="0" tests="1" name="Test" time="9.966" errors="0" timestamp="2025-05-06T18:03:43 IST">
  <testcase classname="com.qa.tests.TC_003_SearchHotelTest" name="VerifyToSelectValidCheckInDate" time="2.956"/>
  <testcase classname="com.qa.tests.TC_003_SearchHotelTest" name="selectValidCheckInDate" time="0.0">
    <ignored/>
  </testcase> <!-- selectValidCheckInDate -->
  <testcase classname="com.qa.tests.TC_003_SearchHotelTest" name="verifyHotelDropdownOptions" time="0.0">
    <ignored/>
  </testcase> <!-- verifyHotelDropdownOptions -->
  <testcase classname="com.qa.tests.TC_003_SearchHotelTest" name="selectRoomTypeAndVerify" time="0.0">
    <ignored/>
  </testcase> <!-- selectRoomTypeAndVerify -->
  <testcase classname="com.qa.tests.TC_003_SearchHotelTest" name="verifyLocationDropdownPlaceholderValue" time="0.0">
    <ignored/>
  </testcase> <!-- verifyLocationDropdownPlaceholderValue -->
  <testcase classname="com.qa.tests.TC_003_SearchHotelTest" name="verifyMandatoryFieldAsterisks" time="0.0">
    <ignored/>
  </testcase> <!-- verifyMandatoryFieldAsterisks -->
  <testcase classname="com.qa.tests.TC_003_SearchHotelTest" name="verifyFieldDefaultValues" time="0.0">
    <ignored/>
  </testcase> <!-- verifyFieldDefaultValues -->
  <testcase classname="com.qa.tests.TC_003_SearchHotelTest" name="verifyHotelDropdownOptionsDisplayAndSelectability" time="0.0">
    <ignored/>
  </testcase> <!-- verifyHotelDropdownOptionsDisplayAndSelectability -->
  <testcase classname="com.qa.tests.TC_003_SearchHotelTest" name="testLocationDropdown" time="0.0">
    <ignored/>
  </testcase> <!-- testLocationDropdown -->
  <testcase classname="com.qa.tests.TC_003_SearchHotelTest" name="verifySelectedRoomTypeDropdown" time="0.0">
    <ignored/>
  </testcase> <!-- verifySelectedRoomTypeDropdown -->
  <testcase classname="com.qa.tests.TC_003_SearchHotelTest" name="verifyTotalNumberOfHotelsInDropdown" time="0.0">
    <ignored/>
  </testcase> <!-- verifyTotalNumberOfHotelsInDropdown -->
  <testcase classname="com.qa.tests.TC_003_SearchHotelTest" name="verifyAllRoomTypesListed" time="0.0">
    <ignored/>
  </testcase> <!-- verifyAllRoomTypesListed -->
  <testcase classname="com.qa.tests.TC_003_SearchHotelTest" name="verifySearchHotelFormElementsPresence" time="0.0">
    <ignored/>
  </testcase> <!-- verifySearchHotelFormElementsPresence -->
  <testcase classname="com.qa.tests.TC_003_SearchHotelTest" name="verifyErrorForPastCheckOutDate" time="0.0">
    <ignored/>
  </testcase> <!-- verifyErrorForPastCheckOutDate -->
  <testcase classname="com.qa.tests.TC_003_SearchHotelTest" name="verifySelectedHotelValue" time="0.0">
    <ignored/>
  </testcase> <!-- verifySelectedHotelValue -->
  <testcase classname="com.qa.tests.TC_003_SearchHotelTest" name="verifyCheckOutDateDisplayedClickedAndHeld" time="0.0">
    <ignored/>
  </testcase> <!-- verifyCheckOutDateDisplayedClickedAndHeld -->
  <testcase classname="com.qa.tests.TC_003_SearchHotelTest" name="VerifyTOselectPastCheckInDate" time="0.0">
    <ignored/>
  </testcase> <!-- VerifyTOselectPastCheckInDate -->
  <testcase classname="com.qa.tests.TC_003_SearchHotelTest" name="verifySearchHotelMenuNaviagtion" time="0.0">
    <ignored/>
  </testcase> <!-- verifySearchHotelMenuNaviagtion -->
  <testcase classname="com.qa.tests.TC_003_SearchHotelTest" name="verifyRoomTypeDropdownIsPresent" time="0.0">
    <ignored/>
  </testcase> <!-- verifyRoomTypeDropdownIsPresent -->
  <testcase classname="com.qa.tests.TC_003_SearchHotelTest" name="verifyCheckInDateDisplayedClickedAndHeld" time="0.0">
    <ignored/>
  </testcase> <!-- verifyCheckInDateDisplayedClickedAndHeld -->
</testsuite> <!-- Test -->
