<?xml version="1.0" encoding="UTF-8"?>
<testng-results ignored="0" total="1" passed="1" failed="0" skipped="0">
  <reporter-output>
  </reporter-output>
  <suite started-at="2025-05-06T18:03:32 IST" name="Suite" finished-at="2025-05-06T18:03:42 IST" duration-ms="9966">
    <groups>
    </groups>
    <test started-at="2025-05-06T18:03:32 IST" name="Test" finished-at="2025-05-06T18:03:42 IST" duration-ms="9966">
      <class name="com.qa.tests.TC_003_SearchHotelTest">
        <test-method is-config="true" signature="reportInitialization()[pri:0, instance:com.qa.tests.TC_003_SearchHotelTest@ff684e1]" started-at="2025-05-06T18:03:32 IST" name="reportInitialization" finished-at="2025-05-06T18:03:32 IST" duration-ms="230" status="PASS">
          <reporter-output>
          </reporter-output>
        </test-method> <!-- reportInitialization -->
        <test-method is-config="true" signature="setup()[pri:0, instance:com.qa.tests.TC_003_SearchHotelTest@ff684e1]" started-at="2025-05-06T18:03:32 IST" name="setup" finished-at="2025-05-06T18:03:32 IST" duration-ms="0" status="PASS">
          <reporter-output>
          </reporter-output>
        </test-method> <!-- setup -->
        <test-method is-config="true" signature="testDetails()[pri:0, instance:com.qa.tests.TC_003_SearchHotelTest@ff684e1]" started-at="2025-05-06T18:03:32 IST" name="testDetails" finished-at="2025-05-06T18:03:32 IST" duration-ms="8" status="PASS">
          <reporter-output>
          </reporter-output>
        </test-method> <!-- testDetails -->
        <test-method is-config="true" signature="launchingAndLoadingURL(java.lang.String,java.lang.String)[pri:0, instance:com.qa.tests.TC_003_SearchHotelTest@ff684e1]" started-at="2025-05-06T18:03:32 IST" name="launchingAndLoadingURL" finished-at="2025-05-06T18:03:38 IST" duration-ms="5449" status="PASS">
          <params>
            <param index="0">
              <value>
                <![CDATA[chrome]]>
              </value>
            </param>
            <param index="1">
              <value>
                <![CDATA[http://adactinhotelapp.com/]]>
              </value>
            </param>
          </params>
          <reporter-output>
          </reporter-output>
        </test-method> <!-- launchingAndLoadingURL -->
        <test-method is-config="true" signature="setUp()[pri:0, instance:com.qa.tests.TC_003_SearchHotelTest@ff684e1]" started-at="2025-05-06T18:03:38 IST" name="setUp" finished-at="2025-05-06T18:03:39 IST" duration-ms="1302" status="PASS">
          <reporter-output>
          </reporter-output>
        </test-method> <!-- setUp -->
        <test-method signature="VerifyToSelectValidCheckInDate()[pri:19, instance:com.qa.tests.TC_003_SearchHotelTest@ff684e1]" started-at="2025-05-06T18:03:39 IST" name="VerifyToSelectValidCheckInDate" finished-at="2025-05-06T18:03:42 IST" duration-ms="2956" status="PASS">
          <reporter-output>
          </reporter-output>
        </test-method> <!-- VerifyToSelectValidCheckInDate -->
        <test-method is-config="true" signature="browserClose()[pri:0, instance:com.qa.tests.TC_003_SearchHotelTest@ff684e1]" started-at="2025-05-06T18:03:42 IST" name="browserClose" finished-at="2025-05-06T18:03:42 IST" duration-ms="208" status="PASS">
          <reporter-output>
          </reporter-output>
        </test-method> <!-- browserClose -->
        <test-method is-config="true" signature="reportClose()[pri:0, instance:com.qa.tests.TC_003_SearchHotelTest@ff684e1]" started-at="2025-05-06T18:03:43 IST" name="reportClose" finished-at="2025-05-06T18:03:43 IST" duration-ms="21" status="PASS">
          <reporter-output>
          </reporter-output>
        </test-method> <!-- reportClose -->
      </class> <!-- com.qa.tests.TC_003_SearchHotelTest -->
    </test> <!-- Test -->
  </suite> <!-- Suite -->
</testng-results>
